<?xml version="1.0" encoding="UTF-8"?>
<!-- Generated by org.testng.reporters.JUnitReportReporter -->
<testsuite hostname="santra-WX-1" name="example.NewTest" tests="1" failures="0" timestamp="25 Jun 2018 17:45:12 GMT" time="3.513" errors="0">
  <testcase name="testEasy" time="3.513" classname="example.NewTest"/>
</testsuite> <!-- example.NewTest -->
