<?xml version="1.0" encoding="UTF-8"?>
<!-- Generated by org.testng.reporters.JUnitReportReporter -->
<testsuite skipped="0" hostname="santra-WX-1" name="example.NewTest" tests="1" failures="0" timestamp="07 Jul 2018 10:52:16 GMT" time="4.012" errors="0">
  <testcase name="testEasy" time="4.012" classname="example.NewTest"/>
</testsuite> <!-- example.NewTest -->
