<?xml version="1.0" encoding="UTF-8"?>
<!-- Generated by org.testng.reporters.JUnitReportReporter -->
<testsuite skipped="0" hostname="santra-WX-1" name="com.uiFramework.paras.selframework.testScripts.TestScreenShot" tests="1" failures="0" timestamp="10 Aug 2018 12:08:16 GMT" time="2.414" errors="0">
  <testcase name="testScreen" time="2.414" classname="com.uiFramework.paras.selframework.testScripts.TestScreenShot"/>
</testsuite> <!-- com.uiFramework.paras.selframework.testScripts.TestScreenShot -->
