<?xml version="1.0" encoding="UTF-8"?>
<!-- Generated by org.testng.reporters.JUnitReportReporter -->
<testsuite skipped="0" hostname="santra-WX-1" name="com.uiFramework.paras.selframework.testScripts.LoginPage.LoginTest" tests="1" failures="0" timestamp="14 Aug 2018 18:19:56 GMT" time="16.191" errors="0">
  <testcase name="testLoginApplication" time="16.191" classname="com.uiFramework.paras.selframework.testScripts.LoginPage.LoginTest"/>
</testsuite> <!-- com.uiFramework.paras.selframework.testScripts.LoginPage.LoginTest -->
