<?xml version="1.0" encoding="UTF-8"?>
<!-- Generated by org.testng.reporters.JUnitReportReporter -->
<testsuite skipped="1" hostname="santra-WX-1" name="com.uiFramework.paras.selframework.testScripts.LoginPage.LoginTestWithDataDrivenApproach" tests="3" failures="0" timestamp="14 Aug 2018 19:00:06 GMT" time="15.306" errors="0">
  <testcase name="loginTest" time="7.549" classname="com.uiFramework.paras.selframework.testScripts.LoginPage.LoginTestWithDataDrivenApproach"/>
  <testcase name="loginTest" time="0.411" classname="com.uiFramework.paras.selframework.testScripts.LoginPage.LoginTestWithDataDrivenApproach">
    <skipped/>
  </testcase> <!-- loginTest -->
  <testcase name="loginTest" time="7.346" classname="com.uiFramework.paras.selframework.testScripts.LoginPage.LoginTestWithDataDrivenApproach"/>
</testsuite> <!-- com.uiFramework.paras.selframework.testScripts.LoginPage.LoginTestWithDataDrivenApproach -->
