<?xml version="1.0" encoding="UTF-8"?>
<!-- Generated by org.testng.reporters.JUnitReportReporter -->
<testsuite skipped="0" hostname="santra-WX-1" name="com.uiFramework.A" tests="1" failures="0" timestamp="10 Aug 2018 12:08:16 GMT" time="0.000" errors="0">
  <testcase name="testLoginA" time="0.000" classname="com.uiFramework.A"/>
</testsuite> <!-- com.uiFramework.A -->
