<?xml version="1.0" encoding="UTF-8"?>
<!-- Generated by org.testng.reporters.JUnitReportReporter -->
<testsuite skipped="0" hostname="santra-WX-1" name="com.uiFramework.paras.selframework.testScripts.registration.ResgistrationTest" tests="1" failures="0" timestamp="14 Aug 2018 18:22:48 GMT" time="20.198" errors="0">
  <testcase name="testRegistration" time="20.198" classname="com.uiFramework.paras.selframework.testScripts.registration.ResgistrationTest"/>
</testsuite> <!-- com.uiFramework.paras.selframework.testScripts.registration.ResgistrationTest -->
